0 info it worked if it ends with ok
1 verbose cli [ 'node', '/usr/local/bin/npm', 'update', '-g', 'bower' ]
2 info using npm@2.5.1
3 info using node@v0.12.0
4 silly mapToRegistry name bower
5 silly mapToRegistry using default registry
6 silly mapToRegistry registry https://registry.npmjs.org/
7 silly mapToRegistry uri https://registry.npmjs.org/bower
8 verbose request uri https://registry.npmjs.org/bower
9 verbose request no auth needed
10 info attempt registry request try #1 at 17:22:25
11 verbose request id cded90fc2014166a
12 http request GET https://registry.npmjs.org/bower
13 http 200 https://registry.npmjs.org/bower
14 silly get cb [ 200,
14 silly get   { server: 'CouchDB/1.5.0 (Erlang OTP/R16B03)',
14 silly get     etag: '"A43REGJB0FNH7JK5U2UAJ2NVI"',
14 silly get     'content-type': 'application/json',
14 silly get     'cache-control': 'max-age=60',
14 silly get     'content-length': '112654',
14 silly get     'accept-ranges': 'bytes',
14 silly get     date: 'Thu, 16 Jul 2015 15:22:25 GMT',
14 silly get     via: '1.1 varnish',
14 silly get     age: '1',
14 silly get     connection: 'keep-alive',
14 silly get     'x-served-by': 'cache-fra1237-FRA',
14 silly get     'x-cache': 'HIT',
14 silly get     'x-cache-hits': '425',
14 silly get     'x-timer': 'S1437060145.527758,VS0,VE0',
14 silly get     vary: 'Accept' } ]
15 verbose get saving bower to /Users/user/.npm/registry.npmjs.org/bower/.cache.json
16 info outdated updating [ [ '/usr/local/lib', 'bower', '1.3.12', '1.4.1', '1.4.1', 'latest' ] ]
17 verbose install where, what [ '/usr/local/lib', [ 'bower@1.4.1' ] ]
18 silly cache add args [ 'bower@1.4.1', null ]
19 verbose cache add spec bower@1.4.1
20 silly cache add parsed spec { raw: 'bower@1.4.1',
20 silly cache add   scope: null,
20 silly cache add   name: 'bower',
20 silly cache add   rawSpec: '1.4.1',
20 silly cache add   spec: '1.4.1',
20 silly cache add   type: 'version' }
21 verbose addNamed bower@1.4.1
22 silly addNamed semver.valid 1.4.1
23 silly addNamed semver.validRange 1.4.1
24 silly mapToRegistry name bower
25 silly mapToRegistry using default registry
26 silly mapToRegistry registry https://registry.npmjs.org/
27 silly mapToRegistry uri https://registry.npmjs.org/bower
28 verbose addNameVersion registry:https://registry.npmjs.org/bower not in flight; fetching
29 verbose request uri https://registry.npmjs.org/bower
30 verbose request no auth needed
31 info attempt registry request try #1 at 17:22:44
32 verbose etag "A43REGJB0FNH7JK5U2UAJ2NVI"
33 http request GET https://registry.npmjs.org/bower
34 http 304 https://registry.npmjs.org/bower
35 silly get cb [ 304,
35 silly get   { date: 'Thu, 16 Jul 2015 15:22:45 GMT',
35 silly get     via: '1.1 varnish',
35 silly get     'cache-control': 'max-age=60',
35 silly get     etag: '"A43REGJB0FNH7JK5U2UAJ2NVI"',
35 silly get     age: '20',
35 silly get     connection: 'keep-alive',
35 silly get     'x-served-by': 'cache-fra1233-FRA',
35 silly get     'x-cache': 'HIT',
35 silly get     'x-cache-hits': '2',
35 silly get     'x-timer': 'S1437060165.104888,VS0,VE0',
35 silly get     vary: 'Accept' } ]
36 verbose etag https://registry.npmjs.org/bower from cache
37 verbose get saving bower to /Users/user/.npm/registry.npmjs.org/bower/.cache.json
38 silly mapToRegistry name bower
39 silly mapToRegistry using default registry
40 silly mapToRegistry registry https://registry.npmjs.org/
41 silly mapToRegistry uri https://registry.npmjs.org/bower
42 verbose addRemoteTarball https://registry.npmjs.org/bower/-/bower-1.4.1.tgz not in flight; adding
43 verbose addRemoteTarball [ 'https://registry.npmjs.org/bower/-/bower-1.4.1.tgz',
43 verbose addRemoteTarball   'a18be39d030792754f30f1c5b32d37b0156ba8dd' ]
44 info retry fetch attempt 1 at 17:22:45
45 info attempt registry request try #1 at 17:22:45
46 http fetch GET https://registry.npmjs.org/bower/-/bower-1.4.1.tgz
47 http fetch 200 https://registry.npmjs.org/bower/-/bower-1.4.1.tgz
48 silly fetchAndShaCheck shasum a18be39d030792754f30f1c5b32d37b0156ba8dd
49 verbose addTmpTarball /var/folders/x2/ncvgmmqx761ccmwsg11r_0dh0000gp/T/npm-1216-8ab5784b/registry.npmjs.org/bower/-/bower-1.4.1.tgz not in flight; adding
50 verbose addTmpTarball already have metadata; skipping unpack for bower@1.4.1
51 silly cache afterAdd bower@1.4.1
52 verbose afterAdd /Users/user/.npm/bower/1.4.1/package/package.json not in flight; writing
53 verbose afterAdd /Users/user/.npm/bower/1.4.1/package/package.json written
54 silly install resolved [ { name: 'bower',
54 silly install resolved     version: '1.4.1',
54 silly install resolved     description: 'The browser package manager',
54 silly install resolved     author: { name: 'Twitter' },
54 silly install resolved     licenses: [ [Object] ],
54 silly install resolved     repository: { type: 'git', url: 'https://github.com/bower/bower' },
54 silly install resolved     main: 'lib',
54 silly install resolved     homepage: 'http://bower.io',
54 silly install resolved     engines: { node: '>=0.10.0' },
54 silly install resolved     dependencies:
54 silly install resolved      { abbrev: '^1.0.5',
54 silly install resolved        archy: '1.0.0',
54 silly install resolved        'bower-config': '^0.6.1',
54 silly install resolved        'bower-endpoint-parser': '^0.2.2',
54 silly install resolved        'bower-json': '^0.4.0',
54 silly install resolved        'bower-logger': '^0.2.2',
54 silly install resolved        'bower-registry-client': '^0.3.0',
54 silly install resolved        cardinal: '0.4.4',
54 silly install resolved        chalk: '^1.0.0',
54 silly install resolved        chmodr: '0.1.0',
54 silly install resolved        configstore: '^0.3.2',
54 silly install resolved        'decompress-zip': '^0.1.0',
54 silly install resolved        fstream: '^1.0.3',
54 silly install resolved        'fstream-ignore': '^1.0.2',
54 silly install resolved        github: '^0.2.3',
54 silly install resolved        glob: '^4.3.2',
54 silly install resolved        'graceful-fs': '^3.0.5',
54 silly install resolved        handlebars: '^2.0.0',
54 silly install resolved        inquirer: '0.8.0',
54 silly install resolved        insight: '^0.5.0',
54 silly install resolved        'is-root': '^1.0.0',
54 silly install resolved        junk: '^1.0.0',
54 silly install resolved        lockfile: '^1.0.0',
54 silly install resolved        'lru-cache': '^2.5.0',
54 silly install resolved        mkdirp: '0.5.0',
54 silly install resolved        mout: '^0.11.0',
54 silly install resolved        nopt: '^3.0.1',
54 silly install resolved        opn: '^1.0.1',
54 silly install resolved        'p-throttler': '0.1.1',
54 silly install resolved        promptly: '0.2.0',
54 silly install resolved        q: '^1.1.2',
54 silly install resolved        request: '2.53.0',
54 silly install resolved        'request-progress': '0.3.1',
54 silly install resolved        retry: '0.6.1',
54 silly install resolved        rimraf: '^2.2.8',
54 silly install resolved        semver: '^2.3.0',
54 silly install resolved        'shell-quote': '^1.4.2',
54 silly install resolved        'stringify-object': '^1.0.0',
54 silly install resolved        'tar-fs': '^1.4.1',
54 silly install resolved        tmp: '0.0.24',
54 silly install resolved        'update-notifier': '^0.3.0',
54 silly install resolved        'user-home': '^1.1.0',
54 silly install resolved        which: '^1.0.8' },
54 silly install resolved     devDependencies:
54 silly install resolved      { chai: '^1.10.0',
54 silly install resolved        coveralls: '^2.11.2',
54 silly install resolved        'expect.js': '^0.3.1',
54 silly install resolved        grunt: '^0.4.5',
54 silly install resolved        'grunt-cli': '^0.1.13',
54 silly install resolved        'grunt-contrib-jshint': '^0.10.0',
54 silly install resolved        'grunt-contrib-watch': '^0.6.1',
54 silly install resolved        'grunt-exec': '^0.4.6',
54 silly install resolved        'grunt-simple-mocha': '^0.4.0',
54 silly install resolved        istanbul: '^0.3.5',
54 silly install resolved        'load-grunt-tasks': '^2.0.0',
54 silly install resolved        mocha: '^2.1.0',
54 silly install resolved        multiline: '^1.0.2',
54 silly install resolved        nock: '^0.56.0',
54 silly install resolved        'node-uuid': '^1.4.2',
54 silly install resolved        proxyquire: '^1.3.0',
54 silly install resolved        'spawn-sync': '^1.0.5' },
54 silly install resolved     scripts: { test: 'grunt test' },
54 silly install resolved     bin: { bower: 'bin/bower' },
54 silly install resolved     preferGlobal: true,
54 silly install resolved     gitHead: 'a1287416d40f944d58cb8f2e774e2076bfffd32f',
54 silly install resolved     bugs: { url: 'https://github.com/bower/bower/issues' },
54 silly install resolved     _id: 'bower@1.4.1',
54 silly install resolved     _shasum: 'a18be39d030792754f30f1c5b32d37b0156ba8dd',
54 silly install resolved     _from: 'bower@1.4.1',
54 silly install resolved     _npmVersion: '2.7.4',
54 silly install resolved     _nodeVersion: '0.12.0',
54 silly install resolved     _npmUser: { name: 'sheerun', email: 'sheerun@sher.pl' },
54 silly install resolved     maintainers: [ [Object], [Object], [Object], [Object], [Object], [Object] ],
54 silly install resolved     dist:
54 silly install resolved      { shasum: 'a18be39d030792754f30f1c5b32d37b0156ba8dd',
54 silly install resolved        tarball: 'http://registry.npmjs.org/bower/-/bower-1.4.1.tgz' },
54 silly install resolved     directories: {},
54 silly install resolved     _resolved: 'https://registry.npmjs.org/bower/-/bower-1.4.1.tgz' } ]
55 info install bower@1.4.1 into /usr/local/lib
56 info installOne bower@1.4.1
57 verbose installOne of bower to /usr/local/lib not in flight; installing
58 verbose lock using /Users/user/.npm/_locks/bower-e8debc5417026b57.lock for /usr/local/lib/node_modules/bower
59 silly install write writing bower 1.4.1 to /usr/local/lib/node_modules/bower
60 silly cache addNamed cb bower@1.4.1
61 verbose unbuild lib/node_modules/bower
62 info preuninstall bower@1.3.12
63 info uninstall bower@1.3.12
64 verbose unbuild rmStuff bower@1.3.12 from /usr/local/lib/node_modules
65 verbose gentlyRm verifying that /usr/local is managed by npm
66 silly isManaged /usr/local is not inside /usr/local/lib/node_modules
67 silly isManaged /usr/local is not inside /usr/local/lib/node_modules
68 silly isManaged /usr/local/bin is inside /usr/local
69 silly gentlyRm /usr/local is managed by npm
70 silly gentlyRm /usr/local/bin/bower is under /usr/local
71 verbose gentlyRm vacuuming /usr/local/bin/bower up to /usr/local
72 silly gentlyRm removing /usr/local/bin/bower
73 verbose unlock done using /Users/user/.npm/_locks/bower-e8debc5417026b57.lock for /usr/local/lib/node_modules/bower
74 verbose stack Error: EACCES, unlink '/usr/local/bin/bower'
74 verbose stack     at Error (native)
75 verbose cwd /Users/user/Desktop/mada-trip
76 error Darwin 14.3.0
77 error argv "node" "/usr/local/bin/npm" "update" "-g" "bower"
78 error node v0.12.0
79 error npm  v2.5.1
80 error path /usr/local/bin/bower
81 error code EACCES
82 error errno -13
83 error Error: EACCES, unlink '/usr/local/bin/bower'
83 error     at Error (native)
83 error  { [Error: EACCES, unlink '/usr/local/bin/bower'] errno: -13, code: 'EACCES', path: '/usr/local/bin/bower' }
84 error Please try running this command again as root/Administrator.
85 verbose exit [ -13, true ]
86 verbose unbuild lib/node_modules/bower
87 info preuninstall bower@1.3.12
88 info uninstall bower@1.3.12
89 verbose unbuild rmStuff bower@1.3.12 from /usr/local/lib/node_modules
90 verbose gentlyRm verifying that /usr/local is managed by npm
91 silly isManaged /usr/local is not inside /usr/local/lib/node_modules
92 silly isManaged /usr/local is not inside /usr/local/lib/node_modules
93 silly isManaged /usr/local is not inside /usr/local/bin
94 silly isManaged /usr/local is inside /usr/local
95 silly gentlyRm /usr/local is managed by npm
96 silly gentlyRm /usr/local/bin/bower is under /usr/local
97 verbose gentlyRm vacuuming /usr/local/bin/bower up to /usr/local
98 silly gentlyRm removing /usr/local/bin/bower
99 error error rolling back Error: EACCES, unlink '/usr/local/bin/bower'
99 error error rolling back     at Error (native)
99 error error rolling back  { [Error: EACCES, unlink '/usr/local/bin/bower'] errno: -13, code: 'EACCES', path: '/usr/local/bin/bower' }
